
  .   ____          _            __ _ _
 /\\ / ___'_ __ _ _(_)_ __  __ _ \ \ \ \
( ( )\___ | '_ | '_| | '_ \/ _` | \ \ \ \
 \\/  ___)| |_)| | | | | || (_| |  ) ) ) )
  '  |____| .__|_| |_|_| |_\__, | / / / /
 =========|_|==============|___/=/_/_/_/
[32m :: Spring Boot :: [39m              [2m (v3.2.0)[0;39m

[2m2023-12-07T23:25:35.615+05:30[0;39m [32m INFO[0;39m [35m23076[0;39m [2m---[0;39m [2m[wealth] [  restartedMain][0;39m [2m[0;39m[36mcom.wealth.heaven.WealthApplication     [0;39m [2m:[0;39m Starting WealthApplication using Java 17.0.8.1 with PID 23076 (C:\Users\jitendra.kumar.naik.DIR\WS\STS\wealth\target\classes started by jitendra.kumar.naik in C:\Users\jitendra.kumar.naik.DIR\WS\STS\wealth)
[2m2023-12-07T23:25:35.618+05:30[0;39m [32m INFO[0;39m [35m23076[0;39m [2m---[0;39m [2m[wealth] [  restartedMain][0;39m [2m[0;39m[36mcom.wealth.heaven.WealthApplication     [0;39m [2m:[0;39m No active profile set, falling back to 1 default profile: "default"
[2m2023-12-07T23:25:35.681+05:30[0;39m [32m INFO[0;39m [35m23076[0;39m [2m---[0;39m [2m[wealth] [  restartedMain][0;39m [2m[0;39m[36m.e.DevToolsPropertyDefaultsPostProcessor[0;39m [2m:[0;39m Devtools property defaults active! Set 'spring.devtools.add-properties' to 'false' to disable
[2m2023-12-07T23:25:35.683+05:30[0;39m [32m INFO[0;39m [35m23076[0;39m [2m---[0;39m [2m[wealth] [  restartedMain][0;39m [2m[0;39m[36m.e.DevToolsPropertyDefaultsPostProcessor[0;39m [2m:[0;39m For additional web related logging consider setting the 'logging.level.web' property to 'DEBUG'
[2m2023-12-07T23:25:36.327+05:30[0;39m [32m INFO[0;39m [35m23076[0;39m [2m---[0;39m [2m[wealth] [  restartedMain][0;39m [2m[0;39m[36m.s.d.r.c.RepositoryConfigurationDelegate[0;39m [2m:[0;39m Bootstrapping Spring Data JPA repositories in DEFAULT mode.
[2m2023-12-07T23:25:36.386+05:30[0;39m [32m INFO[0;39m [35m23076[0;39m [2m---[0;39m [2m[wealth] [  restartedMain][0;39m [2m[0;39m[36m.s.d.r.c.RepositoryConfigurationDelegate[0;39m [2m:[0;39m Finished Spring Data repository scanning in 48 ms. Found 1 JPA repository interface.
[2m2023-12-07T23:25:36.898+05:30[0;39m [32m INFO[0;39m [35m23076[0;39m [2m---[0;39m [2m[wealth] [  restartedMain][0;39m [2m[0;39m[36mo.s.b.w.embedded.tomcat.TomcatWebServer [0;39m [2m:[0;39m Tomcat initialized with port 8181 (http)
[2m2023-12-07T23:25:36.908+05:30[0;39m [32m INFO[0;39m [35m23076[0;39m [2m---[0;39m [2m[wealth] [  restartedMain][0;39m [2m[0;39m[36mo.apache.catalina.core.StandardService  [0;39m [2m:[0;39m Starting service [Tomcat]
[2m2023-12-07T23:25:36.909+05:30[0;39m [32m INFO[0;39m [35m23076[0;39m [2m---[0;39m [2m[wealth] [  restartedMain][0;39m [2m[0;39m[36mo.apache.catalina.core.StandardEngine   [0;39m [2m:[0;39m Starting Servlet engine: [Apache Tomcat/10.1.16]
[2m2023-12-07T23:25:36.962+05:30[0;39m [32m INFO[0;39m [35m23076[0;39m [2m---[0;39m [2m[wealth] [  restartedMain][0;39m [2m[0;39m[36mo.a.c.c.C.[Tomcat].[localhost].[/]      [0;39m [2m:[0;39m Initializing Spring embedded WebApplicationContext
[2m2023-12-07T23:25:36.962+05:30[0;39m [32m INFO[0;39m [35m23076[0;39m [2m---[0;39m [2m[wealth] [  restartedMain][0;39m [2m[0;39m[36mw.s.c.ServletWebServerApplicationContext[0;39m [2m:[0;39m Root WebApplicationContext: initialization completed in 1279 ms
[2m2023-12-07T23:25:37.106+05:30[0;39m [32m INFO[0;39m [35m23076[0;39m [2m---[0;39m [2m[wealth] [  restartedMain][0;39m [2m[0;39m[36mo.hibernate.jpa.internal.util.LogHelper [0;39m [2m:[0;39m HHH000204: Processing PersistenceUnitInfo [name: default]
[2m2023-12-07T23:25:37.170+05:30[0;39m [32m INFO[0;39m [35m23076[0;39m [2m---[0;39m [2m[wealth] [  restartedMain][0;39m [2m[0;39m[36morg.hibernate.Version                   [0;39m [2m:[0;39m HHH000412: Hibernate ORM core version 6.3.1.Final
[2m2023-12-07T23:25:37.208+05:30[0;39m [32m INFO[0;39m [35m23076[0;39m [2m---[0;39m [2m[wealth] [  restartedMain][0;39m [2m[0;39m[36mo.h.c.internal.RegionFactoryInitiator   [0;39m [2m:[0;39m HHH000026: Second-level cache disabled
[2m2023-12-07T23:25:37.432+05:30[0;39m [32m INFO[0;39m [35m23076[0;39m [2m---[0;39m [2m[wealth] [  restartedMain][0;39m [2m[0;39m[36mo.s.o.j.p.SpringPersistenceUnitInfo     [0;39m [2m:[0;39m No LoadTimeWeaver setup: ignoring JPA class transformer
[2m2023-12-07T23:25:37.457+05:30[0;39m [32m INFO[0;39m [35m23076[0;39m [2m---[0;39m [2m[wealth] [  restartedMain][0;39m [2m[0;39m[36mcom.zaxxer.hikari.HikariDataSource      [0;39m [2m:[0;39m HikariPool-1 - Starting...
[2m2023-12-07T23:25:37.770+05:30[0;39m [32m INFO[0;39m [35m23076[0;39m [2m---[0;39m [2m[wealth] [  restartedMain][0;39m [2m[0;39m[36mcom.zaxxer.hikari.pool.HikariPool       [0;39m [2m:[0;39m HikariPool-1 - Added connection com.mysql.cj.jdbc.ConnectionImpl@19c80a06
[2m2023-12-07T23:25:37.772+05:30[0;39m [32m INFO[0;39m [35m23076[0;39m [2m---[0;39m [2m[wealth] [  restartedMain][0;39m [2m[0;39m[36mcom.zaxxer.hikari.HikariDataSource      [0;39m [2m:[0;39m HikariPool-1 - Start completed.
[2m2023-12-07T23:25:38.495+05:30[0;39m [32m INFO[0;39m [35m23076[0;39m [2m---[0;39m [2m[wealth] [  restartedMain][0;39m [2m[0;39m[36mo.h.m.i.EntityInstantiatorPojoStandard  [0;39m [2m:[0;39m HHH000182: No default (no-argument) constructor for class: com.wealth.heaven.entity.Project (class must be instantiated by Interceptor)
[2m2023-12-07T23:25:38.536+05:30[0;39m [32m INFO[0;39m [35m23076[0;39m [2m---[0;39m [2m[wealth] [  restartedMain][0;39m [2m[0;39m[36mo.h.m.i.EntityInstantiatorPojoStandard  [0;39m [2m:[0;39m HHH000182: No default (no-argument) constructor for class: com.wealth.heaven.entity.Employee (class must be instantiated by Interceptor)
[2m2023-12-07T23:25:38.698+05:30[0;39m [32m INFO[0;39m [35m23076[0;39m [2m---[0;39m [2m[wealth] [  restartedMain][0;39m [2m[0;39m[36mo.h.e.t.j.p.i.JtaPlatformInitiator      [0;39m [2m:[0;39m HHH000489: No JTA platform available (set 'hibernate.transaction.jta.platform' to enable JTA platform integration)
Hibernate: alter table employee add column business_unit varchar(255)
Hibernate: alter table employee add column city varchar(255)
Hibernate: alter table employee add column country varchar(255)
Hibernate: alter table employee add column department varchar(255)
Hibernate: alter table employee add column exit_date datetime(6)
Hibernate: alter table employee add column hire_date datetime(6)
Hibernate: alter table employee add column job_title varchar(255)
Hibernate: create table employee_projects (employee_id integer not null, projects_id integer not null) engine=InnoDB
Hibernate: create table employee_seq (next_val bigint) engine=InnoDB
Hibernate: insert into employee_seq values ( 1 )
Hibernate: create table project (id integer not null, allocation_end_date datetime(6), allocation_start_date datetime(6), client_name varchar(255), domain varchar(255), project_name varchar(255), primary key (id)) engine=InnoDB
Hibernate: create table project_seq (next_val bigint) engine=InnoDB
Hibernate: insert into project_seq values ( 1 )
Hibernate: alter table employee_projects drop index UK_4jypfcavfedhsivky8co9wvqa
Hibernate: alter table employee_projects add constraint UK_4jypfcavfedhsivky8co9wvqa unique (projects_id)
Hibernate: alter table employee_projects add constraint FKg10a7uho2lylw8g080l5j4gyk foreign key (projects_id) references project (id)
Hibernate: alter table employee_projects add constraint FK97jl81fsrbblkqfoqwg2o7yps foreign key (employee_id) references employee (id)
[2m2023-12-07T23:25:39.499+05:30[0;39m [32m INFO[0;39m [35m23076[0;39m [2m---[0;39m [2m[wealth] [  restartedMain][0;39m [2m[0;39m[36mj.LocalContainerEntityManagerFactoryBean[0;39m [2m:[0;39m Initialized JPA EntityManagerFactory for persistence unit 'default'
[2m2023-12-07T23:25:40.029+05:30[0;39m [32m INFO[0;39m [35m23076[0;39m [2m---[0;39m [2m[wealth] [  restartedMain][0;39m [2m[0;39m[36mo.s.b.d.a.OptionalLiveReloadServer      [0;39m [2m:[0;39m LiveReload server is running on port 35729
[2m2023-12-07T23:25:40.071+05:30[0;39m [32m INFO[0;39m [35m23076[0;39m [2m---[0;39m [2m[wealth] [  restartedMain][0;39m [2m[0;39m[36mo.s.b.w.embedded.tomcat.TomcatWebServer [0;39m [2m:[0;39m Tomcat started on port 8181 (http) with context path ''
[2m2023-12-07T23:25:40.077+05:30[0;39m [32m INFO[0;39m [35m23076[0;39m [2m---[0;39m [2m[wealth] [  restartedMain][0;39m [2m[0;39m[36mcom.wealth.heaven.WealthApplication     [0;39m [2m:[0;39m Started WealthApplication in 4.813 seconds (process running for 5.504)
[2m2023-12-07T23:27:15.301+05:30[0;39m [32m INFO[0;39m [35m23076[0;39m [2m---[0;39m [2m[wealth] [nio-8181-exec-1][0;39m [2m[0;39m[36mo.a.c.c.C.[Tomcat].[localhost].[/]      [0;39m [2m:[0;39m Initializing Spring DispatcherServlet 'dispatcherServlet'
[2m2023-12-07T23:27:15.301+05:30[0;39m [32m INFO[0;39m [35m23076[0;39m [2m---[0;39m [2m[wealth] [nio-8181-exec-1][0;39m [2m[0;39m[36mo.s.web.servlet.DispatcherServlet       [0;39m [2m:[0;39m Initializing Servlet 'dispatcherServlet'
[2m2023-12-07T23:27:15.316+05:30[0;39m [32m INFO[0;39m [35m23076[0;39m [2m---[0;39m [2m[wealth] [nio-8181-exec-1][0;39m [2m[0;39m[36mo.s.web.servlet.DispatcherServlet       [0;39m [2m:[0;39m Completed initialization in 15 ms
